110		112		2008		Acura		TL
102		114		2015		Acura		TLX
116		113		2012		Acura		Tsx sportwagon
28		116		2008		Audi		A4
38		18		2015		Audi		S3
120		15		2014		Audi		S4
26		98		2012		Benz		C63
10		111		2007		Bmw		328i
22		172		2014		Bmw		4
24		2		2016		Bmw		M2
0		0		2015		Chevy		Camaro
64		218		2010		Chevy		Camaro
50		170		2014		Chevy		Cruze
96		216		2007		Chrystler		300
48		104		2014		Civic coupe		Si
38		99		2014		Civic		Si
4		72		2016		Civic		Si
8		42		2001		Dodge		Viper
26		219		2016		Ford		Focus rs
26		219		2016		Ford		Focus rs
54		137		2017		Ford		Focus rs
54		137		2017		Ford		Focus rs
30		120		2014		Ford		Focus st
30		120		2014		Ford		Focus st
112		83		2014		Honda		Accord
102		31		2007		Honda		Fit
106		65		2009		Honda		Fit
66		30		2012		Hyundai		Celoster
30		92		2017		Hyundai		Elantra sport
62		38		2017		Hyundai		Elantra sport
38		20		2009		Infinity		G37
44		122		2011		Infinity		M37s
40		222		2015		Lexus		Is250
10		190		1995		Lexus		Sc300
66		123		2006		Lexus		Sc430
36		78		2015		Mazda		6
26		141		1993		Mazda		Miata
48		52		2007		Mazda		Speed 3
78		25		2012		Mercedes		C250
34		17		2016		Mercedes		C43
70		84		2012		Mercedes		Cl63amg
40		19		2001		Mitsub		Evo7
84		153		2011		Nissan		370
92		228		2010		Nissan		370
84		161		2012		Nissan		370z
20		235		2013		Scion		Frs
80		57		2015		Scion		Frs
62		23		1998		Subaru		Legacy
68		33		2015		Subaru		Sti
74		36		2016		Subaru		WRX
54		43		2011		Toyota		4 Runner
58		110		2011		Toyota		Camry
58		142		1993		Toyota		Supra
92		126		2010		Volkswagen		Eos
56		156		2014		Volkswagen		Gli
82		180		2011		Volkswagen		Gti
22		100		2006		Volvo		S60r
