120		15		2014		Audi		S4
116		113		2012		Acura		Tsx sportwagon
112		83		2014		Honda		Accord
110		112		2008		Acura		TL
106		65		2009		Honda		Fit
102		31		2007		Honda		Fit
102		114		2015		Acura		TLX
96		216		2007		Chrystler		300
92		228		2010		Nissan		370
92		126		2010		Volkswagen		Eos
84		161		2012		Nissan		370z
84		153		2011		Nissan		370
82		180		2011		Volkswagen		Gti
80		57		2015		Scion		Frs
78		25		2012		Mercedes		C250
74		36		2016		Subaru		WRX
70		84		2012		Mercedes		Cl63amg
68		33		2015		Subaru		Sti
66		30		2012		Hyundai		Celoster
66		123		2006		Lexus		Sc430
64		218		2010		Chevy		Camaro
62		38		2017		Hyundai		Elantra sport
62		23		1998		Subaru		Legacy
58		142		1993		Toyota		Supra
58		110		2011		Toyota		Camry
56		156		2014		Volkswagen		Gli
54		43		2011		Toyota		4 Runner
54		137		2017		Ford		Focus rs
54		137		2017		Ford		Focus rs
50		170		2014		Chevy		Cruze
48		52		2007		Mazda		Speed 3
48		104		2014		Civic coupe		Si
44		122		2011		Infinity		M37s
40		222		2015		Lexus		Is250
40		19		2001		Mitsub		Evo7
38		99		2014		Civic		Si
38		20		2009		Infinity		G37
38		18		2015		Audi		S3
36		78		2015		Mazda		6
34		17		2016		Mercedes		C43
30		92		2017		Hyundai		Elantra sport
30		120		2014		Ford		Focus st
30		120		2014		Ford		Focus st
28		116		2008		Audi		A4
26		98		2012		Benz		C63
26		219		2016		Ford		Focus rs
26		219		2016		Ford		Focus rs
26		141		1993		Mazda		Miata
24		2		2016		Bmw		M2
22		172		2014		Bmw		4
22		100		2006		Volvo		S60r
20		235		2013		Scion		Frs
10		190		1995		Lexus		Sc300
10		111		2007		Bmw		328i
8		42		2001		Dodge		Viper
4		72		2016		Civic		Si
0		0		2015		Chevy		Camaro
